[ 2018-11-06T09:46:30+08:00 ] 127.0.0.1 /Application/Home/Common/images/loading.gif
INFO: [ app_init ] --START--
INFO: Run Behavior\BuildLiteBehavior [ RunTime:0.000000s ]
INFO: [ app_init ] --END-- [ RunTime:0.000000s ]
ERR: 无法加载模块:Application

[ 2018-11-06T09:46:30+08:00 ] 127.0.0.1 /favicon.ico
INFO: [ app_init ] --START--
INFO: Run Behavior\BuildLiteBehavior [ RunTime:0.000000s ]
INFO: [ app_init ] --END-- [ RunTime:0.000000s ]
ERR: 无法加载模块:Favicon

[ 2018-11-06T09:47:50+08:00 ] 127.0.0.1 /Application/Home/Common/favicon.ico
INFO: [ app_init ] --START--
INFO: Run Behavior\BuildLiteBehavior [ RunTime:0.000000s ]
INFO: [ app_init ] --END-- [ RunTime:0.000000s ]
ERR: 无法加载模块:Application

[ 2018-11-06T16:33:12+08:00 ] 127.0.0.1 /Application/Home/Common/images/loading.gif
INFO: [ app_init ] --START--
INFO: Run Behavior\BuildLiteBehavior [ RunTime:0.000000s ]
INFO: [ app_init ] --END-- [ RunTime:0.001000s ]
ERR: 无法加载模块:Application

[ 2018-11-06T16:33:28+08:00 ] 127.0.0.1 /Application/Home/Common/app/notice.js
INFO: [ app_init ] --START--
INFO: Run Behavior\BuildLiteBehavior [ RunTime:0.000000s ]
INFO: [ app_init ] --END-- [ RunTime:0.000000s ]
ERR: 无法加载模块:Application

[ 2018-11-06T16:35:41+08:00 ] 127.0.0.1 /Application/Home/Common/app/notice.js
INFO: [ app_init ] --START--
INFO: Run Behavior\BuildLiteBehavior [ RunTime:0.000000s ]
INFO: [ app_init ] --END-- [ RunTime:0.000000s ]
ERR: 无法加载模块:Application

[ 2018-11-06T16:35:46+08:00 ] 127.0.0.1 /Application/Home/Common/js/jquery.min.map
INFO: [ app_init ] --START--
INFO: Run Behavior\BuildLiteBehavior [ RunTime:0.000000s ]
INFO: [ app_init ] --END-- [ RunTime:0.000000s ]
ERR: 无法加载模块:Application

[ 2018-11-06T16:35:48+08:00 ] 127.0.0.1 /Application/Home/Common/js/jquery.min.map
INFO: [ app_init ] --START--
INFO: Run Behavior\BuildLiteBehavior [ RunTime:0.000000s ]
INFO: [ app_init ] --END-- [ RunTime:0.000000s ]
ERR: 无法加载模块:Application

[ 2018-11-06T16:35:49+08:00 ] 127.0.0.1 /Application/Home/Common/app/notice.js
INFO: [ app_init ] --START--
INFO: Run Behavior\BuildLiteBehavior [ RunTime:0.000000s ]
INFO: [ app_init ] --END-- [ RunTime:0.000000s ]
ERR: 无法加载模块:Application

[ 2018-11-06T16:35:49+08:00 ] 127.0.0.1 /Application/Home/Common/js/jquery.min.map
INFO: [ app_init ] --START--
INFO: Run Behavior\BuildLiteBehavior [ RunTime:0.000000s ]
INFO: [ app_init ] --END-- [ RunTime:0.000000s ]
ERR: 无法加载模块:Application

[ 2018-11-06T16:35:55+08:00 ] 127.0.0.1 /Application/Home/Common/js/jquery.min.map
INFO: [ app_init ] --START--
INFO: Run Behavior\BuildLiteBehavior [ RunTime:0.000000s ]
INFO: [ app_init ] --END-- [ RunTime:0.000000s ]
ERR: 无法加载模块:Application

[ 2018-11-06T16:36:28+08:00 ] 127.0.0.1 /Application/Home/Common/js/jquery.min.map
INFO: [ app_init ] --START--
INFO: Run Behavior\BuildLiteBehavior [ RunTime:0.000000s ]
INFO: [ app_init ] --END-- [ RunTime:0.000000s ]
ERR: 无法加载模块:Application

[ 2018-11-06T16:36:50+08:00 ] 127.0.0.1 /Application/Home/Common/js/jquery.min.map
INFO: [ app_init ] --START--
INFO: Run Behavior\BuildLiteBehavior [ RunTime:0.000000s ]
INFO: [ app_init ] --END-- [ RunTime:0.000000s ]
ERR: 无法加载模块:Application

[ 2018-11-06T16:37:34+08:00 ] 127.0.0.1 /Application/Home/Common/js/jquery.min.map
INFO: [ app_init ] --START--
INFO: Run Behavior\BuildLiteBehavior [ RunTime:0.000000s ]
INFO: [ app_init ] --END-- [ RunTime:0.000000s ]
ERR: 无法加载模块:Application

[ 2018-11-06T16:38:25+08:00 ] 127.0.0.1 /Application/Home/Common/js/jquery.min.map
INFO: [ app_init ] --START--
INFO: Run Behavior\BuildLiteBehavior [ RunTime:0.000000s ]
INFO: [ app_init ] --END-- [ RunTime:0.000000s ]
ERR: 无法加载模块:Application

[ 2018-11-06T16:38:50+08:00 ] 127.0.0.1 /Application/Home/Common/js/jquery.min.map
INFO: [ app_init ] --START--
INFO: Run Behavior\BuildLiteBehavior [ RunTime:0.000000s ]
INFO: [ app_init ] --END-- [ RunTime:0.000000s ]
ERR: 无法加载模块:Application

[ 2018-11-06T16:39:08+08:00 ] 127.0.0.1 /Application/Home/Common/js/jquery.min.map
INFO: [ app_init ] --START--
INFO: Run Behavior\BuildLiteBehavior [ RunTime:0.000000s ]
INFO: [ app_init ] --END-- [ RunTime:0.000000s ]
ERR: 无法加载模块:Application

[ 2018-11-06T17:24:00+08:00 ] 127.0.0.1 /Application/Home/Common/app/notice.js
INFO: [ app_init ] --START--
INFO: Run Behavior\BuildLiteBehavior [ RunTime:0.001000s ]
INFO: [ app_init ] --END-- [ RunTime:0.001000s ]
ERR: 无法加载模块:Application

[ 2018-11-06T17:40:00+08:00 ] 127.0.0.1 //uploader/upload/fujian/20181106/20181106143228_5.png
INFO: [ app_init ] --START--
INFO: Run Behavior\BuildLiteBehavior [ RunTime:0.000000s ]
INFO: [ app_init ] --END-- [ RunTime:0.000000s ]
ERR: 无法加载模块:Uploader

ader

[ 2018-11-06T17:40:03+08:00 ] 127.0.0.1 //uploader/upload/fujian/20181106/20181106143228_5.png
INFO: [ app_init ] --START--
INFO: Run Behavior\BuildLiteBehavior [ RunTime:0.000000s ]
INFO: [ app_init ] --END-- [ RunTime:0.000000s ]
ERR: 无法加载模块:Uploader

[ 2018-11-06T17:40:14+08:00 ] 127.0.0.1 /uploader/upload/contract/20181106155033/20181106155033_26.jpg
INFO: [ app_init ] --START--
INFO: Run Behavior\BuildLiteBehavior [ RunTime:0.000000s ]
INFO: [ app_init ] --END-- [ RunTime:0.000000s ]
ERR: 无法加载模块:Uploader

[ 2018-11-06T17:40:14+08:00 ] 127.0.0.1 //uploader/upload/fujian/20181106/20181106143228_5.png
INFO: [ app_init ] --START--
INFO: Run Behavior\BuildLiteBehavior [ RunTime:0.000000s ]
INFO: [ app_init ] --END-- [ RunTime:0.000000s ]
ERR: 无法加载模块:Uploader

[ 2018-11-06T17:46:07+08:00 ] 127.0.0.1 /Application/Home/Common/js/jquery.min.map
INFO: [ app_init ] --START--
INFO: Run Behavior\BuildLiteBehavior [ RunTime:0.000000s ]
INFO: [ app_init ] --END-- [ RunTime:0.000000s ]
ERR: 无法加载模块:Application

[ 2018-11-06T17:50:59+08:00 ] 127.0.0.1 /uploader/upload/contract/20181106155033/20181106155033_26.jpg
INFO: [ app_init ] --START--
INFO: Run Behavior\BuildLiteBehavior [ RunTime:0.000000s ]
INFO: [ app_init ] --END-- [ RunTime:0.000000s ]
ERR: 无法加载模块:Uploader

[ 2018-11-06T17:50:59+08:00 ] 127.0.0.1 /Application/Home/Common/js/jquery.min.map
INFO: [ app_init ] --START--
INFO: Run Behavior\BuildLiteBehavior [ RunTime:0.000000s ]
INFO: [ app_init ] --END-- [ RunTime:0.000000s ]
ERR: 无法加载模块:Application

[ 2018-11-06T17:51:16+08:00 ] 127.0.0.1 /uploader/upload/contract/20181106155033/20181106155033_26.jpg
INFO: [ app_init ] --START--
INFO: Run Behavior\BuildLiteBehavior [ RunTime:0.000000s ]
INFO: [ app_init ] --END-- [ RunTime:0.000000s ]
ERR: 无法加载模块:Uploader

[ 2018-11-06T17:51:23+08:00 ] 127.0.0.1 /uploader/upload/contract/20181106155033/20181106155033_26.jpg
INFO: [ app_init ] --START--
INFO: Run Behavior\BuildLiteBehavior [ RunTime:0.000000s ]
INFO: [ app_init ] --END-- [ RunTime:0.000000s ]
ERR: 无法加载模块:Uploader

[ 2018-11-06T17:52:40+08:00 ] 127.0.0.1 /uploader/upload/contract/20181106154330/20181106154330_85.jpg
INFO: [ app_init ] --START--
INFO: Run Behavior\BuildLiteBehavior [ RunTime:0.000000s ]
INFO: [ app_init ] --END-- [ RunTime:0.000000s ]
ERR: 无法加载模块:Uploader

[ 2018-11-06T17:52:50+08:00 ] 127.0.0.1 /uploader/upload/contract/20181105111914/20181105111914_80.jpg
INFO: [ app_init ] --START--
INFO: Run Behavior\BuildLiteBehavior [ RunTime:0.000000s ]
INFO: [ app_init ] --END-- [ RunTime:0.000000s ]
ERR: 无法加载模块:Uploader

[ 2018-11-06T17:53:14+08:00 ] 127.0.0.1 //uploader/upload/fujian/20181106/20181106143228_5.png
INFO: [ app_init ] --START--
INFO: Run Behavior\BuildLiteBehavior [ RunTime:0.000000s ]
INFO: [ app_init ] --END-- [ RunTime:0.000000s ]
ERR: 无法加载模块:Uploader

[ 2018-11-06T17:53:20+08:00 ] 127.0.0.1 /uploader/upload/fujian/20181031/20181031111414_5.png
INFO: [ app_init ] --START--
INFO: Run Behavior\BuildLiteBehavior [ RunTime:0.000000s ]
INFO: [ app_init ] --END-- [ RunTime:0.000000s ]
ERR: 无法加载模块:Uploader

[ 2018-11-06T17:53:20+08:00 ] 127.0.0.1 /uploader/upload/fujian/20181101/20181101142939_37.jpg
INFO: [ app_init ] --START--
INFO: Run Behavior\BuildLiteBehavior [ RunTime:0.000000s ]
INFO: [ app_init ] --END-- [ RunTime:0.000000s ]
ERR: 无法加载模块:Uploader

[ 2018-11-06T17:53:20+08:00 ] 127.0.0.1 /uploader/upload/fujian/20181105/20181105140250_7.jpg
INFO: [ app_init ] --START--
INFO: Run Behavior\BuildLiteBehavior [ RunTime:0.000000s ]
INFO: [ app_init ] --END-- [ RunTime:0.000000s ]
ERR: 无法加载模块:Uploader

[ 2018-11-06T17:53:20+08:00 ] 127.0.0.1 /uploader/upload/fujian/20181106/20181106173116_34.jpg
INFO: [ app_init ] --START--
INFO: Run Behavior\BuildLiteBehavior [ RunTime:0.000000s ]
INFO: [ app_init ] --END-- [ RunTime:0.000000s ]
ERR: 无法加载模块:Uploader

[ 2018-11-06T17:53:21+08:00 ] 127.0.0.1 /uploader/upload/fujian/20181030/20181030184644_74.jpg
INFO: [ app_init ] --START--
INFO: Run Behavior\BuildLiteBehavior [ RunTime:0.000000s ]
INFO: [ app_init ] --END-- [ RunTime:0.000000s ]
ERR: 无法加载模块:Uploader

[ 2018-11-06T17:53:35+08:00 ] 127.0.0.1 /uploader/upload/fujian/20181101/20181101142939_37.jpg
INFO: [ app_init ] --START--
INFO: Run Behavior\BuildLiteBehavior [ RunTime:0.000000s ]
INFO: [ app_init ] --END-- [ RunTime:0.000000s ]
ERR: 无法加载模块:Uploader

[ 2018-11-06T17:53:35+08:00 ] 127.0.0.1 /uploader/upload/fujian/20181030/20181030184644_74.jpg
INFO: [ app_init ] --START--
INFO: Run Behavior\BuildLiteBehavior [ RunTime:0.000000s ]
INFO: [ app_init ] --END-- [ RunTime:0.000000s ]
ERR: 无法加载模块:Uploader

[ 2018-11-06T17:53:36+08:00 ] 127.0.0.1 /uploader/upload/fujian/20181031/20181031111414_5.png
INFO: [ app_init ] --START--
INFO: Run Behavior\BuildLiteBehavior [ RunTime:0.000000s ]
INFO: [ app_init ] --END-- [ RunTime:0.000000s ]
ERR: 无法加载模块:Uploader

[ 2018-11-06T17:53:36+08:00 ] 127.0.0.1 /uploader/upload/fujian/20181106/20181106173116_34.jpg
INFO: [ app_init ] --START--
INFO: Run Behavior\BuildLiteBehavior [ RunTime:0.000000s ]
INFO: [ app_init ] --END-- [ RunTime:0.000000s ]
ERR: 无法加载模块:Uploader

[ 2018-11-06T17:53:36+08:00 ] 127.0.0.1 /uploader/upload/fujian/20181105/20181105140250_7.jpg
INFO: [ app_init ] --START--
INFO: Run Behavior\BuildLiteBehavior [ RunTime:0.000000s ]
INFO: [ app_init ] --END-- [ RunTime:0.000000s ]
ERR: 无法加载模块:Uploader

[ 2018-11-06T17:53:46+08:00 ] 127.0.0.1 /uploader/upload/fujian/20181101/20181101142939_37.jpg
INFO: [ app_init ] --START--
INFO: Run Behavior\BuildLiteBehavior [ RunTime:0.000000s ]
INFO: [ app_init ] --END-- [ RunTime:0.000000s ]
ERR: 无法加载模块:Uploader

[ 2018-11-06T17:53:46+08:00 ] 127.0.0.1 /uploader/upload/fujian/20181030/20181030184644_74.jpg
INFO: [ app_init ] --START--
INFO: Run Behavior\BuildLiteBehavior [ RunTime:0.000000s ]
INFO: [ app_init ] --END-- [ RunTime:0.000000s ]
ERR: 无法加载模块:Uploader

[ 2018-11-06T17:53:47+08:00 ] 127.0.0.1 /uploader/upload/fujian/20181106/20181106173116_34.jpg
INFO: [ app_init ] --START--
INFO: Run Behavior\BuildLiteBehavior [ RunTime:0.000000s ]
INFO: [ app_init ] --END-- [ RunTime:0.000000s ]
ERR: 无法加载模块:Uploader

[ 2018-11-06T17:53:47+08:00 ] 127.0.0.1 /uploader/upload/fujian/20181031/20181031111414_5.png
INFO: [ app_init ] --START--
INFO: Run Behavior\BuildLiteBehavior [ RunTime:0.000000s ]
INFO: [ app_init ] --END-- [ RunTime:0.000000s ]
ERR: 无法加载模块:Uploader

[ 2018-11-06T17:53:47+08:00 ] 127.0.0.1 /uploader/upload/fujian/20181105/20181105140250_7.jpg
INFO: [ app_init ] --START--
INFO: Run Behavior\BuildLiteBehavior [ RunTime:0.000000s ]
INFO: [ app_init ] --END-- [ RunTime:0.000000s ]
ERR: 无法加载模块:Uploader

[ 2018-11-06T17:54:00+08:00 ] 127.0.0.1 //uploader/upload/fujian/20181106/20181106143228_5.png
INFO: [ app_init ] --START--
INFO: Run Behavior\BuildLiteBehavior [ RunTime:0.000000s ]
INFO: [ app_init ] --END-- [ RunTime:0.000000s ]
ERR: 无法加载模块:Uploader

[ 2018-11-06T17:54:02+08:00 ] 127.0.0.1 /crm/Application/Home/Common/images/del.png
INFO: [ app_init ] --START--
INFO: Run Behavior\BuildLiteBehavior [ RunTime:0.000000s ]
INFO: [ app_init ] --END-- [ RunTime:0.000000s ]
ERR: 无法加载模块:Crm

[ 2018-11-06T17:54:13+08:00 ] 127.0.0.1 //uploader/upload/fujian/20181106/20181106143228_5.png
INFO: [ app_init ] --START--
INFO: Run Behavior\BuildLiteBehavior [ RunTime:0.000000s ]
INFO: [ app_init ] --END-- [ RunTime:0.000000s ]
ERR: 无法加载模块:Uploader

[ 2018-11-06T17:54:15+08:00 ] 127.0.0.1 /crm/Application/Home/Common/images/del.png
INFO: [ app_init ] --START--
INFO: Run Behavior\BuildLiteBehavior [ RunTime:0.000000s ]
INFO: [ app_init ] --END-- [ RunTime:0.000000s ]
ERR: 无法加载模块:Crm

[ 2018-11-06T17:54:23+08:00 ] 127.0.0.1 /uploader/upload/contract/20181106155033/20181106155033_26.jpg
INFO: [ app_init ] --START--
INFO: Run Behavior\BuildLiteBehavior [ RunTime:0.000000s ]
INFO: [ app_init ] --END-- [ RunTime:0.000000s ]
ERR: 无法加载模块:Uploader

[ 2018-11-06T17:54:23+08:00 ] 127.0.0.1 //uploader/upload/fujian/20181101/20181101142939_37.jpg
INFO: [ app_init ] --START--
INFO: Run Behavior\BuildLiteBehavior [ RunTime:0.000000s ]
INFO: [ app_init ] --END-- [ RunTime:0.000000s ]
ERR: 无法加载模块:Uploader

[ 2018-11-06T17:54:23+08:00 ] 127.0.0.1 //uploader/upload/fujian/20181030/20181030184644_74.jpg
INFO: [ app_init ] --START--
INFO: Run Behavior\BuildLiteBehavior [ RunTime:0.000000s ]
INFO: [ app_init ] --END-- [ RunTime:0.000000s ]
ERR: 无法加载模块:Uploader

[ 2018-11-06T17:54:40+08:00 ] 127.0.0.1 /uploader/upload/contract/20181105111914/20181105111914_80.jpg
INFO: [ app_init ] --START--
INFO: Run Behavior\BuildLiteBehavior [ RunTime:0.000000s ]
INFO: [ app_init ] --END-- [ RunTime:0.000000s ]
ERR: 无法加载模块:Uploader

[ 2018-11-06T17:54:44+08:00 ] 127.0.0.1 /uploader/upload/contract/20181105111406/20181105111406_38.png
INFO: [ app_init ] --START--
INFO: Run Behavior\BuildLiteBehavior [ RunTime:0.000000s ]
INFO: [ app_init ] --END-- [ RunTime:0.000000s ]
ERR: 无法加载模块:Uploader

[ 2018-11-06T17:54:48+08:00 ] 127.0.0.1 /uploader/upload/fujian/20181101/20181101142939_37.jpg
INFO: [ app_init ] --START--
INFO: Run Behavior\BuildLiteBehavior [ RunTime:0.000000s ]
INFO: [ app_init ] --END-- [ RunTime:0.000000s ]
ERR: 无法加载模块:Uploader

[ 2018-11-06T17:54:48+08:00 ] 127.0.0.1 /uploader/upload/contract/20181105094850/20181105094850_43.jpg
INFO: [ app_init ] --START--
INFO: Run Behavior\BuildLiteBehavior [ RunTime:0.000000s ]
INFO: [ app_init ] --END-- [ RunTime:0.000000s ]
ERR: 无法加载模块:Uploader

[ 2018-11-06T17:54:48+08:00 ] 127.0.0.1 /uploader/upload/fujian/20181030/20181030184644_74.jpg
INFO: [ app_init ] --START--
INFO: Run Behavior\BuildLiteBehavior [ RunTime:0.000000s ]
INFO: [ app_init ] --END-- [ RunTime:0.000000s ]
ERR: 无法加载模块:Uploader

[ 2018-11-06T17:54:48+08:00 ] 127.0.0.1 /uploader/upload/fujian/20181106/20181106173116_34.jpg
INFO: [ app_init ] --START--
INFO: Run Behavior\BuildLiteBehavior [ RunTime:0.000000s ]
INFO: [ app_init ] --END-- [ RunTime:0.000000s ]
ERR: 无法加载模块:Uploader

[ 2018-11-06T17:54:49+08:00 ] 127.0.0.1 /uploader/upload/fujian/20181031/20181031111414_5.png
INFO: [ app_init ] --START--
INFO: Run Behavior\BuildLiteBehavior [ RunTime:0.000000s ]
INFO: [ app_init ] --END-- [ RunTime:0.000000s ]
ERR: 无法加载模块:Uploader

[ 2018-11-06T17:54:49+08:00 ] 127.0.0.1 /uploader/upload/fujian/20181105/20181105140250_7.jpg
INFO: [ app_init ] --START--
INFO: Run Behavior\BuildLiteBehavior [ RunTime:0.000000s ]
INFO: [ app_init ] --END-- [ RunTime:0.000000s ]
ERR: 无法加载模块:Uploader

[ 2018-11-06T17:54:51+08:00 ] 127.0.0.1 /crm/Application/Home/Common/images/del.png
INFO: [ app_init ] --START--
INFO: Run Behavior\BuildLiteBehavior [ RunTime:0.000000s ]
INFO: [ app_init ] --END-- [ RunTime:0.000000s ]
ERR: 无法加载模块:Crm

[ 2018-11-06T17:55:41+08:00 ] 127.0.0.1 /uploader/upload/fujian/20181030/20181030184644_74.jpg
INFO: [ app_init ] --START--
INFO: Run Behavior\BuildLiteBehavior [ RunTime:0.000000s ]
INFO: [ app_init ] --END-- [ RunTime:0.000000s ]
ERR: 无法加载模块:Uploader

[ 2018-11-06T17:55:41+08:00 ] 127.0.0.1 /uploader/upload/contract/20181105094850/20181105094850_43.jpg
INFO: [ app_init ] --START--
INFO: Run Behavior\BuildLiteBehavior [ RunTime:0.000000s ]
INFO: [ app_init ] --END-- [ RunTime:0.000000s ]
ERR: 无法加载模块:Uploader

[ 2018-11-06T17:55:41+08:00 ] 127.0.0.1 /uploader/upload/fujian/20181101/20181101142939_37.jpg
INFO: [ app_init ] --START--
INFO: Run Behavior\BuildLiteBehavior [ RunTime:0.000000s ]
INFO: [ app_init ] --END-- [ RunTime:0.000000s ]
ERR: 无法加载模块:Uploader

[ 2018-11-06T17:55:41+08:00 ] 127.0.0.1 /uploader/upload/fujian/20181106/20181106173116_34.jpg
INFO: [ app_init ] --START--
INFO: Run Behavior\BuildLiteBehavior [ RunTime:0.000000s ]
INFO: [ app_init ] --END-- [ RunTime:0.000000s ]
ERR: 无法加载模块:Uploader

[ 2018-11-06T17:55:42+08:00 ] 127.0.0.1 /uploader/upload/fujian/20181105/20181105140250_7.jpg
INFO: [ app_init ] --START--
INFO: Run Behavior\BuildLiteBehavior [ RunTime:0.000000s ]
INFO: [ app_init ] --END-- [ RunTime:0.000000s ]
ERR: 无法加载模块:Uploader

[ 2018-11-06T17:55:42+08:00 ] 127.0.0.1 /uploader/upload/fujian/20181031/20181031111414_5.png
INFO: [ app_init ] --START--
INFO: Run Behavior\BuildLiteBehavior [ RunTime:0.000000s ]
INFO: [ app_init ] --END-- [ RunTime:0.000000s ]
ERR: 无法加载模块:Uploader

[ 2018-11-06T17:55:46+08:00 ] 127.0.0.1 /crm/Application/Home/Common/images/del.png
INFO: [ app_init ] --START--
INFO: Run Behavior\BuildLiteBehavior [ RunTime:0.000000s ]
INFO: [ app_init ] --END-- [ RunTime:0.000000s ]
ERR: 无法加载模块:Crm

[ 2018-11-06T17:56:06+08:00 ] 127.0.0.1 /uploader/upload/fujian/20181101/20181101142939_37.jpg
INFO: [ app_init ] --START--
INFO: Run Behavior\BuildLiteBehavior [ RunTime:0.000000s ]
INFO: [ app_init ] --END-- [ RunTime:0.000000s ]
ERR: 无法加载模块:Uploader

[ 2018-11-06T17:56:06+08:00 ] 127.0.0.1 /uploader/upload/contract/20181105094850/20181105094850_43.jpg
INFO: [ app_init ] --START--
INFO: Run Behavior\BuildLiteBehavior [ RunTime:0.000000s ]
INFO: [ app_init ] --END-- [ RunTime:0.000000s ]
ERR: 无法加载模块:Uploader

[ 2018-11-06T17:56:06+08:00 ] 127.0.0.1 /uploader/upload/fujian/20181030/20181030184644_74.jpg
INFO: [ app_init ] --START--
INFO: Run Behavior\BuildLiteBehavior [ RunTime:0.000000s ]
INFO: [ app_init ] --END-- [ RunTime:0.000000s ]
ERR: 无法加载模块:Uploader

[ 2018-11-06T17:56:06+08:00 ] 127.0.0.1 /uploader/upload/fujian/20181031/20181031111414_5.png
INFO: [ app_init ] --START--
INFO: Run Behavior\BuildLiteBehavior [ RunTime:0.000000s ]
INFO: [ app_init ] --END-- [ RunTime:0.001000s ]
ERR: 无法加载模块:Uploader

[ 2018-11-06T17:56:07+08:00 ] 127.0.0.1 /uploader/upload/fujian/20181105/20181105140250_7.jpg
INFO: [ app_init ] --START--
INFO: Run Behavior\BuildLiteBehavior [ RunTime:0.000000s ]
INFO: [ app_init ] --END-- [ RunTime:0.000000s ]
ERR: 无法加载模块:Uploader

[ 2018-11-06T17:56:07+08:00 ] 127.0.0.1 /uploader/upload/fujian/20181106/20181106173116_34.jpg
INFO: [ app_init ] --START--
INFO: Run Behavior\BuildLiteBehavior [ RunTime:0.000000s ]
INFO: [ app_init ] --END-- [ RunTime:0.000000s ]
ERR: 无法加载模块:Uploader

[ 2018-11-06T17:56:17+08:00 ] 127.0.0.1 /Application/Home/Common/js/jquery.min.map
INFO: [ app_init ] --START--
INFO: Run Behavior\BuildLiteBehavior [ RunTime:0.000000s ]
INFO: [ app_init ] --END-- [ RunTime:0.000000s ]
ERR: 无法加载模块:Application

[ 2018-11-06T18:02:30+08:00 ] 127.0.0.1 /uploader/upload/contract/20181105094850/20181105094850_43.jpg
INFO: [ app_init ] --START--
INFO: Run Behavior\BuildLiteBehavior [ RunTime:0.000000s ]
INFO: [ app_init ] --END-- [ RunTime:0.000000s ]
ERR: 无法加载模块:Uploader

[ 2018-11-06T18:02:30+08:00 ] 127.0.0.1 /uploader/upload/fujian/20181106/20181106173116_34.jpg
INFO: [ app_init ] --START--
INFO: Run Behavior\BuildLiteBehavior [ RunTime:0.000000s ]
INFO: [ app_init ] --END-- [ RunTime:0.001000s ]
ERR: 无法加载模块:Uploader

[ 2018-11-06T18:02:30+08:00 ] 127.0.0.1 /Application/Home/Common/js/jquery.min.map
INFO: [ app_init ] --START--
INFO: Run Behavior\BuildLiteBehavior [ RunTime:0.000000s ]
INFO: [ app_init ] --END-- [ RunTime:0.000000s ]
ERR: 无法加载模块:Application

[ 2018-11-06T18:02:31+08:00 ] 127.0.0.1 /uploader/upload/fujian/20181101/20181101142939_37.jpg
INFO: [ app_init ] --START--
INFO: Run Behavior\BuildLiteBehavior [ RunTime:0.000000s ]
INFO: [ app_init ] --END-- [ RunTime:0.000000s ]
ERR: 无法加载模块:Uploader

[ 2018-11-06T18:02:31+08:00 ] 127.0.0.1 /uploader/upload/fujian/20181030/20181030184644_74.jpg
INFO: [ app_init ] --START--
INFO: Run Behavior\BuildLiteBehavior [ RunTime:0.000000s ]
INFO: [ app_init ] --END-- [ RunTime:0.000000s ]
ERR: 无法加载模块:Uploader

[ 2018-11-06T18:02:32+08:00 ] 127.0.0.1 /uploader/upload/fujian/20181031/20181031111414_5.png
INFO: [ app_init ] --START--
INFO: Run Behavior\BuildLiteBehavior [ RunTime:0.000000s ]
INFO: [ app_init ] --END-- [ RunTime:0.000000s ]
ERR: 无法加载模块:Uploader

[ 2018-11-06T18:02:32+08:00 ] 127.0.0.1 /uploader/upload/fujian/20181105/20181105140250_7.jpg
INFO: [ app_init ] --START--
INFO: Run Behavior\BuildLiteBehavior [ RunTime:0.000000s ]
INFO: [ app_init ] --END-- [ RunTime:0.000000s ]
ERR: 无法加载模块:Uploader

[ 2018-11-06T18:02:43+08:00 ] 127.0.0.1 /uploader/upload/contract/20181105094850/20181105094850_43.jpg
INFO: [ app_init ] --START--
INFO: Run Behavior\BuildLiteBehavior [ RunTime:0.000000s ]
INFO: [ app_init ] --END-- [ RunTime:0.000000s ]
ERR: 无法加载模块:Uploader

[ 2018-11-06T18:02:43+08:00 ] 127.0.0.1 /uploader/upload/fujian/20181101/20181101142939_37.jpg
INFO: [ app_init ] --START--
INFO: Run Behavior\BuildLiteBehavior [ RunTime:0.000000s ]
INFO: [ app_init ] --END-- [ RunTime:0.000000s ]
ERR: 无法加载模块:Uploader

[ 2018-11-06T18:02:43+08:00 ] 127.0.0.1 /uploader/upload/fujian/20181030/20181030184644_74.jpg
INFO: [ app_init ] --START--
INFO: Run Behavior\BuildLiteBehavior [ RunTime:0.000000s ]
INFO: [ app_init ] --END-- [ RunTime:0.000000s ]
ERR: 无法加载模块:Uploader

[ 2018-11-06T18:02:43+08:00 ] 127.0.0.1 /uploader/upload/fujian/20181105/20181105140250_7.jpg
INFO: [ app_init ] --START--
INFO: Run Behavior\BuildLiteBehavior [ RunTime:0.000000s ]
INFO: [ app_init ] --END-- [ RunTime:0.000000s ]
ERR: 无法加载模块:Uploader

[ 2018-11-06T18:02:43+08:00 ] 127.0.0.1 /uploader/upload/fujian/20181031/20181031111414_5.png
INFO: [ app_init ] --START--
INFO: Run Behavior\BuildLiteBehavior [ RunTime:0.000000s ]
INFO: [ app_init ] --END-- [ RunTime:0.000000s ]
ERR: 无法加载模块:Uploader

[ 2018-11-06T18:02:43+08:00 ] 127.0.0.1 /Application/Home/Common/js/jquery.min.map
INFO: [ app_init ] --START--
INFO: Run Behavior\BuildLiteBehavior [ RunTime:0.000000s ]
INFO: [ app_init ] --END-- [ RunTime:0.000000s ]
ERR: 无法加载模块:Application

[ 2018-11-06T18:02:44+08:00 ] 127.0.0.1 /uploader/upload/fujian/20181106/20181106173116_34.jpg
INFO: [ app_init ] --START--
INFO: Run Behavior\BuildLiteBehavior [ RunTime:0.000000s ]
INFO: [ app_init ] --END-- [ RunTime:0.000000s ]
ERR: 无法加载模块:Uploader

[ 2018-11-06T18:03:23+08:00 ] 127.0.0.1 /uploader/upload/fujian/20181030/20181030184644_74.jpg
INFO: [ app_init ] --START--
INFO: Run Behavior\BuildLiteBehavior [ RunTime:0.000000s ]
INFO: [ app_init ] --END-- [ RunTime:0.000000s ]
ERR: 无法加载模块:Uploader

[ 2018-11-06T18:03:23+08:00 ] 127.0.0.1 /uploader/upload/fujian/20181031/20181031111414_5.png
INFO: [ app_init ] --START--
INFO: Run Behavior\BuildLiteBehavior [ RunTime:0.000000s ]
INFO: [ app_init ] --END-- [ RunTime:0.000000s ]
ERR: 无法加载模块:Uploader

[ 2018-11-06T18:03:23+08:00 ] 127.0.0.1 /uploader/upload/contract/20181105094850/20181105094850_43.jpg
INFO: [ app_init ] --START--
INFO: Run Behavior\BuildLiteBehavior [ RunTime:0.000000s ]
INFO: [ app_init ] --END-- [ RunTime:0.000000s ]
ERR: 无法加载模块:Uploader

[ 2018-11-06T18:03:23+08:00 ] 127.0.0.1 /uploader/upload/fujian/20181105/20181105140250_7.jpg
INFO: [ app_init ] --START--
INFO: Run Behavior\BuildLiteBehavior [ RunTime:0.000000s ]
INFO: [ app_init ] --END-- [ RunTime:0.000000s ]
ERR: 无法加载模块:Uploader

[ 2018-11-06T18:03:23+08:00 ] 127.0.0.1 /uploader/upload/fujian/20181106/20181106173116_34.jpg
INFO: [ app_init ] --START--
INFO: Run Behavior\BuildLiteBehavior [ RunTime:0.000000s ]
INFO: [ app_init ] --END-- [ RunTime:0.000000s ]
ERR: 无法加载模块:Uploader

[ 2018-11-06T18:03:23+08:00 ] 127.0.0.1 /Application/Home/Common/js/jquery.min.map
INFO: [ app_init ] --START--
INFO: Run Behavior\BuildLiteBehavior [ RunTime:0.000000s ]
INFO: [ app_init ] --END-- [ RunTime:0.001000s ]
ERR: 无法加载模块:Application

[ 2018-11-06T18:03:24+08:00 ] 127.0.0.1 /uploader/upload/fujian/20181101/20181101142939_37.jpg
INFO: [ app_init ] --START--
INFO: Run Behavior\BuildLiteBehavior [ RunTime:0.000000s ]
INFO: [ app_init ] --END-- [ RunTime:0.000000s ]
ERR: 无法加载模块:Uploader

[ 2018-11-06T18:04:26+08:00 ] 127.0.0.1 /uploader/upload/contract/20181105094850/20181105094850_43.jpg
INFO: [ app_init ] --START--
INFO: Run Behavior\BuildLiteBehavior [ RunTime:0.000000s ]
INFO: [ app_init ] --END-- [ RunTime:0.002000s ]
ERR: 无法加载模块:Uploader

[ 2018-11-06T18:04:26+08:00 ] 127.0.0.1 /uploader/upload/fujian/20181030/20181030184644_74.jpg
INFO: [ app_init ] --START--
INFO: Run Behavior\BuildLiteBehavior [ RunTime:0.000000s ]
INFO: [ app_init ] --END-- [ RunTime:0.000000s ]
ERR: 无法加载模块:Uploader

[ 2018-11-06T18:04:26+08:00 ] 127.0.0.1 /uploader/upload/fujian/20181101/20181101142939_37.jpg
INFO: [ app_init ] --START--
INFO: Run Behavior\BuildLiteBehavior [ RunTime:0.000000s ]
INFO: [ app_init ] --END-- [ RunTime:0.000000s ]
ERR: 无法加载模块:Uploader

[ 2018-11-06T18:04:26+08:00 ] 127.0.0.1 /uploader/upload/fujian/20181031/20181031111414_5.png
INFO: [ app_init ] --START--
INFO: Run Behavior\BuildLiteBehavior [ RunTime:0.000000s ]
INFO: [ app_init ] --END-- [ RunTime:0.000000s ]
ERR: 无法加载模块:Uploader

[ 2018-11-06T18:04:27+08:00 ] 127.0.0.1 /Application/Home/Common/js/jquery.min.map
INFO: [ app_init ] --START--
INFO: Run Behavior\BuildLiteBehavior [ RunTime:0.000000s ]
INFO: [ app_init ] --END-- [ RunTime:0.000000s ]
ERR: 无法加载模块:Application

[ 2018-11-06T18:04:27+08:00 ] 127.0.0.1 /uploader/upload/fujian/20181105/20181105140250_7.jpg
INFO: [ app_init ] --START--
INFO: Run Behavior\BuildLiteBehavior [ RunTime:0.000000s ]
INFO: [ app_init ] --END-- [ RunTime:0.000000s ]
ERR: 无法加载模块:Uploader

[ 2018-11-06T18:04:27+08:00 ] 127.0.0.1 /uploader/upload/fujian/20181106/20181106173116_34.jpg
INFO: [ app_init ] --START--
INFO: Run Behavior\BuildLiteBehavior [ RunTime:0.000000s ]
INFO: [ app_init ] --END-- [ RunTime:0.000000s ]
ERR: 无法加载模块:Uploader

[ 2018-11-06T18:05:55+08:00 ] 127.0.0.1 /uploader/upload/fujian/20181101/20181101142939_37.jpg
INFO: [ app_init ] --START--
INFO: Run Behavior\BuildLiteBehavior [ RunTime:0.000000s ]
INFO: [ app_init ] --END-- [ RunTime:0.000000s ]
ERR: 无法加载模块:Uploader

[ 2018-11-06T18:05:55+08:00 ] 127.0.0.1 /uploader/upload/contract/20181105094850/20181105094850_43.jpg
INFO: [ app_init ] --START--
INFO: Run Behavior\BuildLiteBehavior [ RunTime:0.000000s ]
INFO: [ app_init ] --END-- [ RunTime:0.000000s ]
ERR: 无法加载模块:Uploader

[ 2018-11-06T18:05:55+08:00 ] 127.0.0.1 /uploader/upload/fujian/20181030/20181030184644_74.jpg
INFO: [ app_init ] --START--
INFO: Run Behavior\BuildLiteBehavior [ RunTime:0.000000s ]
INFO: [ app_init ] --END-- [ RunTime:0.000000s ]
ERR: 无法加载模块:Uploader

[ 2018-11-06T18:05:55+08:00 ] 127.0.0.1 /uploader/upload/fujian/20181031/20181031111414_5.png
INFO: [ app_init ] --START--
INFO: Run Behavior\BuildLiteBehavior [ RunTime:0.000000s ]
INFO: [ app_init ] --END-- [ RunTime:0.000000s ]
ERR: 无法加载模块:Uploader

[ 2018-11-06T18:05:55+08:00 ] 127.0.0.1 /Application/Home/Common/js/jquery.min.map
INFO: [ app_init ] --START--
INFO: Run Behavior\BuildLiteBehavior [ RunTime:0.000000s ]
INFO: [ app_init ] --END-- [ RunTime:0.000000s ]
ERR: 无法加载模块:Application

[ 2018-11-06T18:05:56+08:00 ] 127.0.0.1 /uploader/upload/fujian/20181105/20181105140250_7.jpg
INFO: [ app_init ] --START--
INFO: Run Behavior\BuildLiteBehavior [ RunTime:0.000000s ]
INFO: [ app_init ] --END-- [ RunTime:0.000000s ]
ERR: 无法加载模块:Uploader

[ 2018-11-06T18:05:56+08:00 ] 127.0.0.1 /uploader/upload/fujian/20181106/20181106173116_34.jpg
INFO: [ app_init ] --START--
INFO: Run Behavior\BuildLiteBehavior [ RunTime:0.000000s ]
INFO: [ app_init ] --END-- [ RunTime:0.000000s ]
ERR: 无法加载模块:Uploader

[ 2018-11-06T18:06:42+08:00 ] 127.0.0.1 /uploader/upload/contract/20181105094850/20181105094850_43.jpg
INFO: [ app_init ] --START--
INFO: Run Behavior\BuildLiteBehavior [ RunTime:0.000000s ]
INFO: [ app_init ] --END-- [ RunTime:0.000000s ]
ERR: 无法加载模块:Uploader

[ 2018-11-06T18:06:42+08:00 ] 127.0.0.1 /uploader/upload/fujian/20181101/20181101142939_37.jpg
INFO: [ app_init ] --START--
INFO: Run Behavior\BuildLiteBehavior [ RunTime:0.000000s ]
INFO: [ app_init ] --END-- [ RunTime:0.000000s ]
ERR: 无法加载模块:Uploader

[ 2018-11-06T18:06:42+08:00 ] 127.0.0.1 /uploader/upload/fujian/20181105/20181105140250_7.jpg
INFO: [ app_init ] --START--
INFO: Run Behavior\BuildLiteBehavior [ RunTime:0.000000s ]
INFO: [ app_init ] --END-- [ RunTime:0.000000s ]
ERR: 无法加载模块:Uploader

[ 2018-11-06T18:06:42+08:00 ] 127.0.0.1 /uploader/upload/fujian/20181106/20181106173116_34.jpg
INFO: [ app_init ] --START--
INFO: Run Behavior\BuildLiteBehavior [ RunTime:0.000000s ]
INFO: [ app_init ] --END-- [ RunTime:0.000000s ]
ERR: 无法加载模块:Uploader

[ 2018-11-06T18:06:42+08:00 ] 127.0.0.1 /Application/Home/Common/js/jquery.min.map
INFO: [ app_init ] --START--
INFO: Run Behavior\BuildLiteBehavior [ RunTime:0.000000s ]
INFO: [ app_init ] --END-- [ RunTime:0.000000s ]
ERR: 无法加载模块:Application

[ 2018-11-06T18:06:43+08:00 ] 127.0.0.1 /uploader/upload/fujian/20181030/20181030184644_74.jpg
INFO: [ app_init ] --START--
INFO: Run Behavior\BuildLiteBehavior [ RunTime:0.000000s ]
INFO: [ app_init ] --END-- [ RunTime:0.000000s ]
ERR: 无法加载模块:Uploader

[ 2018-11-06T18:06:43+08:00 ] 127.0.0.1 /uploader/upload/fujian/20181031/20181031111414_5.png
INFO: [ app_init ] --START--
INFO: Run Behavior\BuildLiteBehavior [ RunTime:0.000000s ]
INFO: [ app_init ] --END-- [ RunTime:0.000000s ]
ERR: 无法加载模块:Uploader

[ 2018-11-06T18:07:03+08:00 ] 127.0.0.1 /crm/Application/Home/Common/images/del.png
INFO: [ app_init ] --START--
INFO: Run Behavior\BuildLiteBehavior [ RunTime:0.000000s ]
INFO: [ app_init ] --END-- [ RunTime:0.000000s ]
ERR: 无法加载模块:Crm

[ 2018-11-06T18:10:01+08:00 ] 127.0.0.1 /uploader/upload/contract/20181105094850/20181105094850_43.jpg
INFO: [ app_init ] --START--
INFO: Run Behavior\BuildLiteBehavior [ RunTime:0.000000s ]
INFO: [ app_init ] --END-- [ RunTime:0.000000s ]
ERR: 无法加载模块:Uploader

[ 2018-11-06T18:10:01+08:00 ] 127.0.0.1 /uploader/upload/fujian/20181106/20181106173116_34.jpg
INFO: [ app_init ] --START--
INFO: Run Behavior\BuildLiteBehavior [ RunTime:0.000000s ]
INFO: [ app_init ] --END-- [ RunTime:0.000000s ]
ERR: 无法加载模块:Uploader

[ 2018-11-06T18:10:01+08:00 ] 127.0.0.1 /Application/Home/Common/js/jquery.min.map
INFO: [ app_init ] --START--
INFO: Run Behavior\BuildLiteBehavior [ RunTime:0.000000s ]
INFO: [ app_init ] --END-- [ RunTime:0.000000s ]
ERR: 无法加载模块:Application

[ 2018-11-06T18:10:02+08:00 ] 127.0.0.1 /uploader/upload/fujian/20181031/20181031111414_5.png
INFO: [ app_init ] --START--
INFO: Run Behavior\BuildLiteBehavior [ RunTime:0.000000s ]
INFO: [ app_init ] --END-- [ RunTime:0.000000s ]
ERR: 无法加载模块:Uploader

[ 2018-11-06T18:10:02+08:00 ] 127.0.0.1 /uploader/upload/fujian/20181105/20181105140250_7.jpg
INFO: [ app_init ] --START--
INFO: Run Behavior\BuildLiteBehavior [ RunTime:0.000000s ]
INFO: [ app_init ] --END-- [ RunTime:0.000000s ]
ERR: 无法加载模块:Uploader

[ 2018-11-06T18:10:02+08:00 ] 127.0.0.1 /uploader/upload/fujian/20181030/20181030184644_74.jpg
INFO: [ app_init ] --START--
INFO: Run Behavior\BuildLiteBehavior [ RunTime:0.000000s ]
INFO: [ app_init ] --END-- [ RunTime:0.000000s ]
ERR: 无法加载模块:Uploader

[ 2018-11-06T18:10:02+08:00 ] 127.0.0.1 /uploader/upload/fujian/20181101/20181101142939_37.jpg
INFO: [ app_init ] --START--
INFO: Run Behavior\BuildLiteBehavior [ RunTime:0.000000s ]
INFO: [ app_init ] --END-- [ RunTime:0.000000s ]
ERR: 无法加载模块:Uploader

[ 2018-11-06T18:10:07+08:00 ] 127.0.0.1 /crm/Application/Home/Common/images/del.png
INFO: [ app_init ] --START--
INFO: Run Behavior\BuildLiteBehavior [ RunTime:0.000000s ]
INFO: [ app_init ] --END-- [ RunTime:0.000000s ]
ERR: 无法加载模块:Crm

[ 2018-11-06T18:10:08+08:00 ] 127.0.0.1 /Application/Home/Common/js/jquery.min.map
INFO: [ app_init ] --START--
INFO: Run Behavior\BuildLiteBehavior [ RunTime:0.000000s ]
INFO: [ app_init ] --END-- [ RunTime:0.000000s ]
ERR: 无法加载模块:Application

[ 2018-11-06T18:10:26+08:00 ] 127.0.0.1 /Application/Home/Common/js/jquery.min.map
INFO: [ app_init ] --START--
INFO: Run Behavior\BuildLiteBehavior [ RunTime:0.000000s ]
INFO: [ app_init ] --END-- [ RunTime:0.000000s ]
ERR: 无法加载模块:Application

[ 2018-11-06T18:10:52+08:00 ] 127.0.0.1 /uploader/upload/contract/20181105094850/20181105094850_43.jpg
INFO: [ app_init ] --START--
INFO: Run Behavior\BuildLiteBehavior [ RunTime:0.000000s ]
INFO: [ app_init ] --END-- [ RunTime:0.000000s ]
ERR: 无法加载模块:Uploader

[ 2018-11-06T18:10:52+08:00 ] 127.0.0.1 /Application/Home/Common/js/jquery.min.map
INFO: [ app_init ] --START--
INFO: Run Behavior\BuildLiteBehavior [ RunTime:0.000000s ]
INFO: [ app_init ] --END-- [ RunTime:0.000000s ]
ERR: 无法加载模块:Application

[ 2018-11-06T18:15:18+08:00 ] 127.0.0.1 /uploader/upload/contract/20181105094850/20181105094850_43.jpg
INFO: [ app_init ] --START--
INFO: Run Behavior\BuildLiteBehavior [ RunTime:0.000000s ]
INFO: [ app_init ] --END-- [ RunTime:0.000000s ]
ERR: 无法加载模块:Uploader

[ 2018-11-06T18:15:18+08:00 ] 127.0.0.1 /Application/Home/Common/js/jquery.min.map
INFO: [ app_init ] --START--
INFO: Run Behavior\BuildLiteBehavior [ RunTime:0.000000s ]
INFO: [ app_init ] --END-- [ RunTime:0.000000s ]
ERR: 无法加载模块:Application

[ 2018-11-06T18:15:41+08:00 ] 127.0.0.1 /uploader/upload/contract/20181105094850/20181105094850_43.jpg
INFO: [ app_init ] --START--
INFO: Run Behavior\BuildLiteBehavior [ RunTime:0.000000s ]
INFO: [ app_init ] --END-- [ RunTime:0.001000s ]
ERR: 无法加载模块:Uploader

[ 2018-11-06T18:15:42+08:00 ] 127.0.0.1 /Application/Home/Common/js/jquery.min.map
INFO: [ app_init ] --START--
INFO: Run Behavior\BuildLiteBehavior [ RunTime:0.000000s ]
INFO: [ app_init ] --END-- [ RunTime:0.000000s ]
ERR: 无法加载模块:Application

[ 2018-11-06T18:15:53+08:00 ] 127.0.0.1 /uploader/upload/contract/20181105094850/20181105094850_43.jpg
INFO: [ app_init ] --START--
INFO: Run Behavior\BuildLiteBehavior [ RunTime:0.000000s ]
INFO: [ app_init ] --END-- [ RunTime:0.000000s ]
ERR: 无法加载模块:Uploader

[ 2018-11-06T18:15:54+08:00 ] 127.0.0.1 /Application/Home/Common/js/jquery.min.map
INFO: [ app_init ] --START--
INFO: Run Behavior\BuildLiteBehavior [ RunTime:0.000000s ]
INFO: [ app_init ] --END-- [ RunTime:0.000000s ]
ERR: 无法加载模块:Application

[ 2018-11-06T18:16:17+08:00 ] 127.0.0.1 /uploader/upload/contract/20181105094850/20181105094850_43.jpg
INFO: [ app_init ] --START--
INFO: Run Behavior\BuildLiteBehavior [ RunTime:0.000000s ]
INFO: [ app_init ] --END-- [ RunTime:0.001000s ]
ERR: 无法加载模块:Uploader

[ 2018-11-06T18:16:17+08:00 ] 127.0.0.1 /Application/Home/Common/js/jquery.min.map
INFO: [ app_init ] --START--
INFO: Run Behavior\BuildLiteBehavior [ RunTime:0.000000s ]
INFO: [ app_init ] --END-- [ RunTime:0.000000s ]
ERR: 无法加载模块:Application

[ 2018-11-06T18:16:43+08:00 ] 127.0.0.1 /Application/Home/Common/js/jquery.min.map
INFO: [ app_init ] --START--
INFO: Run Behavior\BuildLiteBehavior [ RunTime:0.000000s ]
INFO: [ app_init ] --END-- [ RunTime:0.000000s ]
ERR: 无法加载模块:Application

[ 2018-11-06T18:16:47+08:00 ] 127.0.0.1 /Application/Home/Common/js/jquery.min.map
INFO: [ app_init ] --START--
INFO: Run Behavior\BuildLiteBehavior [ RunTime:0.000000s ]
INFO: [ app_init ] --END-- [ RunTime:0.000000s ]
ERR: 无法加载模块:Application

[ 2018-11-06T18:16:47+08:00 ] 127.0.0.1 /Application/Home/Common/images/loading.gif
INFO: [ app_init ] --START--
INFO: Run Behavior\BuildLiteBehavior [ RunTime:0.000000s ]
INFO: [ app_init ] --END-- [ RunTime:0.000000s ]
ERR: 无法加载模块:Application

[ 2018-11-06T18:16:53+08:00 ] 127.0.0.1 /Application/Home/Common/js/jquery.min.map
INFO: [ app_init ] --START--
INFO: Run Behavior\BuildLiteBehavior [ RunTime:0.000000s ]
INFO: [ app_init ] --END-- [ RunTime:0.000000s ]
ERR: 无法加载模块:Application

[ 2018-11-06T18:16:53+08:00 ] 127.0.0.1 /Application/Home/Common/js/jquery.min.map
INFO: [ app_init ] --START--
INFO: Run Behavior\BuildLiteBehavior [ RunTime:0.000000s ]
INFO: [ app_init ] --END-- [ RunTime:0.000000s ]
ERR: 无法加载模块:Application

[ 2018-11-06T18:17:02+08:00 ] 127.0.0.1 /uploader/upload/contract/20181105111406/20181105111406_38.png
INFO: [ app_init ] --START--
INFO: Run Behavior\BuildLiteBehavior [ RunTime:0.000000s ]
INFO: [ app_init ] --END-- [ RunTime:0.000000s ]
ERR: 无法加载模块:Uploader

[ 2018-11-06T18:17:06+08:00 ] 127.0.0.1 /uploader/upload/contract/20181105094850/20181105094850_43.jpg
INFO: [ app_init ] --START--
INFO: Run Behavior\BuildLiteBehavior [ RunTime:0.000000s ]
INFO: [ app_init ] --END-- [ RunTime:0.000000s ]
ERR: 无法加载模块:Uploader

[ 2018-11-06T18:17:11+08:00 ] 127.0.0.1 /Application/Home/Common/js/jquery.min.map
INFO: [ app_init ] --START--
INFO: Run Behavior\BuildLiteBehavior [ RunTime:0.000000s ]
INFO: [ app_init ] --END-- [ RunTime:0.000000s ]
ERR: 无法加载模块:Application

[ 2018-11-06T18:18:23+08:00 ] 127.0.0.1 /uploader/upload/contract/20181105094850/20181105094850_43.jpg
INFO: [ app_init ] --START--
INFO: Run Behavior\BuildLiteBehavior [ RunTime:0.000000s ]
INFO: [ app_init ] --END-- [ RunTime:0.000000s ]
ERR: 无法加载模块:Uploader

[ 2018-11-06T18:18:23+08:00 ] 127.0.0.1 /Application/Home/Common/js/jquery.min.map
INFO: [ app_init ] --START--
INFO: Run Behavior\BuildLiteBehavior [ RunTime:0.000000s ]
INFO: [ app_init ] --END-- [ RunTime:0.000000s ]
ERR: 无法加载模块:Application

[ 2018-11-06T18:18:24+08:00 ] 127.0.0.1 /uploader/upload/fujian/20181101/20181101142939_37.jpg
INFO: [ app_init ] --START--
INFO: Run Behavior\BuildLiteBehavior [ RunTime:0.000000s ]
INFO: [ app_init ] --END-- [ RunTime:0.000000s ]
ERR: 无法加载模块:Uploader

[ 2018-11-06T18:18:26+08:00 ] 127.0.0.1 /crm/Application/Home/Common/images/del.png
INFO: [ app_init ] --START--
INFO: Run Behavior\BuildLiteBehavior [ RunTime:0.000000s ]
INFO: [ app_init ] --END-- [ RunTime:0.000000s ]
ERR: 无法加载模块:Crm

[ 2018-11-06T18:18:41+08:00 ] 127.0.0.1 /uploader/upload/contract/20181105094850/20181105094850_43.jpg
INFO: [ app_init ] --START--
INFO: Run Behavior\BuildLiteBehavior [ RunTime:0.000000s ]
INFO: [ app_init ] --END-- [ RunTime:0.000000s ]
ERR: 无法加载模块:Uploader

[ 2018-11-06T18:18:42+08:00 ] 127.0.0.1 /Application/Home/Common/js/jquery.min.map
INFO: [ app_init ] --START--
INFO: Run Behavior\BuildLiteBehavior [ RunTime:0.000000s ]
INFO: [ app_init ] --END-- [ RunTime:0.000000s ]
ERR: 无法加载模块:Application

[ 2018-11-06T18:18:42+08:00 ] 127.0.0.1 /uploader/upload/fujian/20181101/20181101142939_37.jpg
INFO: [ app_init ] --START--
INFO: Run Behavior\BuildLiteBehavior [ RunTime:0.000000s ]
INFO: [ app_init ] --END-- [ RunTime:0.000000s ]
ERR: 无法加载模块:Uploader

